<?xml version="1.0" encoding="UTF-8"?>
<testsuite xmlns:xsi="http://www.w3.org/2001/XMLSchema-instance" xsi:noNamespaceSchemaLocation="https://maven.apache.org/surefire/maven-surefire-plugin/xsd/surefire-test-report-3.0.xsd" version="3.0" name="com.search.query.recall.RecallResultTest" time="0.035" tests="12" errors="0" skipped="0" failures="0">
  <properties>
[...]
</properties>
  <testcase name="testRecallResultWithVectorSource" classname="com.search.query.recall.RecallResultTest" time="0.003"/>
  <testcase name="testToString" classname="com.search.query.recall.RecallResultTest" time="0.004"/>
  <testcase name="testHashCodeConsistency" classname="com.search.query.recall.RecallResultTest" time="0"/>
  <testcase name="testEqualsSameId" classname="com.search.query.recall.RecallResultTest" time="0.001"/>
  <testcase name="testRecallResultWithHotSource" classname="com.search.query.recall.RecallResultTest" time="0.001"/>
  <testcase name="testEqualsWithItself" classname="com.search.query.recall.RecallResultTest" time="0.001"/>
  <testcase name="testRecallResultWithZeroScore" classname="com.search.query.recall.RecallResultTest" time="0.002"/>
  <testcase name="testEqualsWithDifferentClass" classname="com.search.query.recall.RecallResultTest" time="0.002"/>
  <testcase name="testRecallResultCreation" classname="com.search.query.recall.RecallResultTest" time="0.002"/>
  <testcase name="testRecallResultWithNegativeScore" classname="com.search.query.recall.RecallResultTest" time="0.001"/>
  <testcase name="testEqualsDifferentId" classname="com.search.query.recall.RecallResultTest" time="0.002"/>
  <testcase name="testEqualsWithNull" classname="com.search.query.recall.RecallResultTest" time="0.002"/>
</testsuite>