<?xml version="1.0" encoding="UTF-8"?>
<testsuite xmlns:xsi="http://www.w3.org/2001/XMLSchema-instance" xsi:noNamespaceSchemaLocation="https://maven.apache.org/surefire/maven-surefire-plugin/xsd/surefire-test-report-3.0.xsd" version="3.0" name="com.search.common.ConfigLoaderTest" time="1.138" tests="5" errors="0" skipped="0" failures="0">
  <properties>
[...]
</properties>
  <testcase name="testKafkaConfig" classname="com.search.common.ConfigLoaderTest" time="1.003">
    <system-out><![CDATA[01:23:33.172 [main] INFO  com.search.common.ConfigLoader - Loading configuration from: C:\Users\40912\AppData\Local\Temp\junit671484932315559765\config.yaml
01:23:33.339 [main] INFO  com.search.common.ConfigLoader - Configuration loaded successfully
]]></system-out>
  </testcase>
  <testcase name="testLoadConfig" classname="com.search.common.ConfigLoaderTest" time="0.015">
    <system-out><![CDATA[01:23:33.386 [main] INFO  com.search.common.ConfigLoader - Loading configuration from: C:\Users\40912\AppData\Local\Temp\junit7293278845239193335\config.yaml
01:23:33.389 [main] INFO  com.search.common.ConfigLoader - Configuration loaded successfully
]]></system-out>
  </testcase>
  <testcase name="testElasticsearchConfig" classname="com.search.common.ConfigLoaderTest" time="0.026">
    <system-out><![CDATA[01:23:33.416 [main] INFO  com.search.common.ConfigLoader - Loading configuration from: C:\Users\40912\AppData\Local\Temp\junit8270056101953202376\config.yaml
01:23:33.419 [main] INFO  com.search.common.ConfigLoader - Configuration loaded successfully
]]></system-out>
  </testcase>
  <testcase name="testLoadInvalidPath" classname="com.search.common.ConfigLoaderTest" time="0.013">
    <system-out><![CDATA[01:23:33.430 [main] INFO  com.search.common.ConfigLoader - Loading configuration from: /nonexistent/path/config.yaml
]]></system-out>
  </testcase>
  <testcase name="testGetBeforeLoad" classname="com.search.common.ConfigLoaderTest" time="0.01"/>
</testsuite>