<?xml version="1.0" encoding="UTF-8"?>
<testsuite xmlns:xsi="http://www.w3.org/2001/XMLSchema-instance" xsi:noNamespaceSchemaLocation="https://maven.apache.org/surefire/maven-surefire-plugin/xsd/surefire-test-report-3.0.xsd" version="3.0" name="com.search.config.generator.MappingGeneratorTest" time="0.517" tests="9" errors="0" skipped="0" failures="0">
  <properties>
[...]
</properties>
  <testcase name="testGenerateMappingWithTextField" classname="com.search.config.generator.MappingGeneratorTest" time="0.426"/>
  <testcase name="testGenerateMappingWithEmptyFieldsThrowsException" classname="com.search.config.generator.MappingGeneratorTest" time="0.004"/>
  <testcase name="testGenerateMappingContainsPropertiesRoot" classname="com.search.config.generator.MappingGeneratorTest" time="0.004"/>
  <testcase name="testMapAllFieldTypes" classname="com.search.config.generator.MappingGeneratorTest" time="0.005"/>
  <testcase name="testGenerateMappingWithNullObjectThrowsException" classname="com.search.config.generator.MappingGeneratorTest" time="0.002"/>
  <testcase name="testGenerateMappingWithNumericField" classname="com.search.config.generator.MappingGeneratorTest" time="0.003"/>
  <testcase name="testGenerateMappingWithKeywordField" classname="com.search.config.generator.MappingGeneratorTest" time="0.004"/>
  <testcase name="testGenerateMappingWithMultipleFields" classname="com.search.config.generator.MappingGeneratorTest" time="0.006"/>
  <testcase name="testGenerateMappingWithVectorField" classname="com.search.config.generator.MappingGeneratorTest" time="0.004"/>
</testsuite>